<?xml version="1.0" encoding="UTF-8"?>
<testsuite name="com.example.demo.repository.MemberRepositoryTest" tests="1" skipped="0" failures="0" errors="0" timestamp="2025-03-19T05:22:28" hostname="DESKTOP-2AMRE7T" time="0.189">
  <properties/>
  <testcase name="createMemberTest()" classname="com.example.demo.repository.MemberRepositoryTest" time="0.189"/>
  <system-out><![CDATA[14:22:25.288 [Test worker] DEBUG org.springframework.test.context.BootstrapUtils - Instantiating CacheAwareContextLoaderDelegate from class [org.springframework.test.context.cache.DefaultCacheAwareContextLoaderDelegate]
14:22:25.295 [Test worker] DEBUG org.springframework.test.context.BootstrapUtils - Instantiating BootstrapContext using constructor [public org.springframework.test.context.support.DefaultBootstrapContext(java.lang.Class,org.springframework.test.context.CacheAwareContextLoaderDelegate)]
14:22:25.318 [Test worker] DEBUG org.springframework.test.context.BootstrapUtils - Instantiating TestContextBootstrapper for test class [com.example.demo.repository.MemberRepositoryTest] from class [org.springframework.boot.test.context.SpringBootTestContextBootstrapper]
14:22:25.326 [Test worker] INFO org.springframework.boot.test.context.SpringBootTestContextBootstrapper - Neither @ContextConfiguration nor @ContextHierarchy found for test class [com.example.demo.repository.MemberRepositoryTest], using SpringBootContextLoader
14:22:25.330 [Test worker] DEBUG org.springframework.test.context.support.AbstractContextLoader - Did not detect default resource location for test class [com.example.demo.repository.MemberRepositoryTest]: class path resource [com/example/demo/repository/MemberRepositoryTest-context.xml] does not exist
14:22:25.331 [Test worker] DEBUG org.springframework.test.context.support.AbstractContextLoader - Did not detect default resource location for test class [com.example.demo.repository.MemberRepositoryTest]: class path resource [com/example/demo/repository/MemberRepositoryTestContext.groovy] does not exist
14:22:25.331 [Test worker] INFO org.springframework.test.context.support.AbstractContextLoader - Could not detect default resource locations for test class [com.example.demo.repository.MemberRepositoryTest]: no resource found for suffixes {-context.xml, Context.groovy}.
14:22:25.331 [Test worker] INFO org.springframework.test.context.support.AnnotationConfigContextLoaderUtils - Could not detect default configuration classes for test class [com.example.demo.repository.MemberRepositoryTest]: MemberRepositoryTest does not declare any static, non-private, non-final, nested classes annotated with @Configuration.
14:22:25.358 [Test worker] DEBUG org.springframework.test.context.support.ActiveProfilesUtils - Could not find an 'annotation declaring class' for annotation type [org.springframework.test.context.ActiveProfiles] and class [com.example.demo.repository.MemberRepositoryTest]
14:22:25.404 [Test worker] DEBUG org.springframework.context.annotation.ClassPathScanningCandidateComponentProvider - Identified candidate component class: file [C:\_dev2\sb_jpa1\build\classes\java\main\com\example\demo\DemoApplication.class]
14:22:25.405 [Test worker] INFO org.springframework.boot.test.context.SpringBootTestContextBootstrapper - Found @SpringBootConfiguration com.example.demo.DemoApplication for test class com.example.demo.repository.MemberRepositoryTest
14:22:25.482 [Test worker] DEBUG org.springframework.boot.test.context.SpringBootTestContextBootstrapper - @TestExecutionListeners is not present for class [com.example.demo.repository.MemberRepositoryTest]: using defaults.
14:22:25.483 [Test worker] INFO org.springframework.boot.test.context.SpringBootTestContextBootstrapper - Loaded default TestExecutionListener class names from location [META-INF/spring.factories]: [org.springframework.boot.test.autoconfigure.restdocs.RestDocsTestExecutionListener, org.springframework.boot.test.autoconfigure.web.client.MockRestServiceServerResetTestExecutionListener, org.springframework.boot.test.autoconfigure.web.servlet.MockMvcPrintOnlyOnFailureTestExecutionListener, org.springframework.boot.test.autoconfigure.web.servlet.WebDriverTestExecutionListener, org.springframework.boot.test.autoconfigure.webservices.client.MockWebServiceServerTestExecutionListener, org.springframework.boot.test.mock.mockito.MockitoTestExecutionListener, org.springframework.boot.test.mock.mockito.ResetMocksTestExecutionListener, org.springframework.test.context.web.ServletTestExecutionListener, org.springframework.test.context.support.DirtiesContextBeforeModesTestExecutionListener, org.springframework.test.context.event.ApplicationEventsTestExecutionListener, org.springframework.test.context.support.DependencyInjectionTestExecutionListener, org.springframework.test.context.support.DirtiesContextTestExecutionListener, org.springframework.test.context.transaction.TransactionalTestExecutionListener, org.springframework.test.context.jdbc.SqlScriptsTestExecutionListener, org.springframework.test.context.event.EventPublishingTestExecutionListener]
14:22:25.494 [Test worker] INFO org.springframework.boot.test.context.SpringBootTestContextBootstrapper - Using TestExecutionListeners: [org.springframework.test.context.web.ServletTestExecutionListener@1bb9aa43, org.springframework.test.context.support.DirtiesContextBeforeModesTestExecutionListener@420bc288, org.springframework.test.context.event.ApplicationEventsTestExecutionListener@df5f5c0, org.springframework.boot.test.mock.mockito.MockitoTestExecutionListener@308a6984, org.springframework.boot.test.autoconfigure.SpringBootDependencyInjectionTestExecutionListener@66b72664, org.springframework.test.context.support.DirtiesContextTestExecutionListener@7a34b7b8, org.springframework.test.context.transaction.TransactionalTestExecutionListener@58cd06cb, org.springframework.test.context.jdbc.SqlScriptsTestExecutionListener@3be8821f, org.springframework.test.context.event.EventPublishingTestExecutionListener@64b31700, org.springframework.boot.test.autoconfigure.restdocs.RestDocsTestExecutionListener@3b65e559, org.springframework.boot.test.autoconfigure.web.client.MockRestServiceServerResetTestExecutionListener@bae47a0, org.springframework.boot.test.autoconfigure.web.servlet.MockMvcPrintOnlyOnFailureTestExecutionListener@74a9c4b0, org.springframework.boot.test.autoconfigure.web.servlet.WebDriverTestExecutionListener@85ec632, org.springframework.boot.test.autoconfigure.webservices.client.MockWebServiceServerTestExecutionListener@1c05a54d, org.springframework.boot.test.mock.mockito.ResetMocksTestExecutionListener@65ef722a]
14:22:25.496 [Test worker] DEBUG org.springframework.test.context.support.AbstractDirtiesContextTestExecutionListener - Before test class: context [DefaultTestContext@2fb68ec6 testClass = MemberRepositoryTest, testInstance = [null], testMethod = [null], testException = [null], mergedContextConfiguration = [WebMergedContextConfiguration@d71adc2 testClass = MemberRepositoryTest, locations = '{}', classes = '{class com.example.demo.DemoApplication}', contextInitializerClasses = '[]', activeProfiles = '{}', propertySourceLocations = '{}', propertySourceProperties = '{org.springframework.boot.test.context.SpringBootTestContextBootstrapper=true}', contextCustomizers = set[org.springframework.boot.test.autoconfigure.actuate.metrics.MetricsExportContextCustomizerFactory$DisableMetricExportContextCustomizer@36546a22, org.springframework.boot.test.autoconfigure.properties.PropertyMappingContextCustomizer@0, org.springframework.boot.test.autoconfigure.web.servlet.WebDriverContextCustomizerFactory$Customizer@652a7737, org.springframework.boot.test.context.filter.ExcludeFilterContextCustomizer@1e1d3956, org.springframework.boot.test.json.DuplicateJsonObjectContextCustomizerFactory$DuplicateJsonObjectContextCustomizer@f0e995e, org.springframework.boot.test.mock.mockito.MockitoContextCustomizer@0, org.springframework.boot.test.web.client.TestRestTemplateContextCustomizer@3829ac1, org.springframework.boot.test.context.SpringBootTestArgs@1, org.springframework.boot.test.context.SpringBootTestWebEnvironment@12299890], resourceBasePath = 'src/main/webapp', contextLoader = 'org.springframework.boot.test.context.SpringBootContextLoader', parent = [null]], attributes = map['org.springframework.test.context.web.ServletTestExecutionListener.activateListener' -> true]], class annotated with @DirtiesContext [false] with mode [null].

  .   ____          _            __ _ _
 /\\ / ___'_ __ _ _(_)_ __  __ _ \ \ \ \
( ( )\___ | '_ | '_| | '_ \/ _` | \ \ \ \
 \\/  ___)| |_)| | | | | || (_| |  ) ) ) )
  '  |____| .__|_| |_|_| |_\__, | / / / /
 =========|_|==============|___/=/_/_/_/
 :: Spring Boot ::               (v2.7.18)

2025-03-19 14:22:25.738  INFO 776 --- [    Test worker] c.e.d.repository.MemberRepositoryTest    : Starting MemberRepositoryTest using Java 11.0.25 on DESKTOP-2AMRE7T with PID 776 (started by DU in C:\_dev2\sb_jpa1)
2025-03-19 14:22:25.739  INFO 776 --- [    Test worker] c.e.d.repository.MemberRepositoryTest    : No active profile set, falling back to 1 default profile: "default"
2025-03-19 14:22:26.121  INFO 776 --- [    Test worker] .s.d.r.c.RepositoryConfigurationDelegate : Bootstrapping Spring Data JPA repositories in DEFAULT mode.
2025-03-19 14:22:26.159  INFO 776 --- [    Test worker] .s.d.r.c.RepositoryConfigurationDelegate : Finished Spring Data repository scanning in 32 ms. Found 1 JPA repository interfaces.
2025-03-19 14:22:26.557  INFO 776 --- [    Test worker] o.hibernate.jpa.internal.util.LogHelper  : HHH000204: Processing PersistenceUnitInfo [name: default]
2025-03-19 14:22:26.613  INFO 776 --- [    Test worker] org.hibernate.Version                    : HHH000412: Hibernate ORM core version 5.6.15.Final
2025-03-19 14:22:26.731  INFO 776 --- [    Test worker] o.hibernate.annotations.common.Version   : HCANN000001: Hibernate Commons Annotations {5.1.2.Final}
2025-03-19 14:22:26.762 DEBUG 776 --- [    Test worker] org.hibernate.type.BasicTypeRegistry     : Adding type registration boolean -> org.hibernate.type.BooleanType@615439f7
2025-03-19 14:22:26.763 DEBUG 776 --- [    Test worker] org.hibernate.type.BasicTypeRegistry     : Adding type registration boolean -> org.hibernate.type.BooleanType@615439f7
2025-03-19 14:22:26.763 DEBUG 776 --- [    Test worker] org.hibernate.type.BasicTypeRegistry     : Adding type registration java.lang.Boolean -> org.hibernate.type.BooleanType@615439f7
2025-03-19 14:22:26.764 DEBUG 776 --- [    Test worker] org.hibernate.type.BasicTypeRegistry     : Adding type registration numeric_boolean -> org.hibernate.type.NumericBooleanType@634e1b39
2025-03-19 14:22:26.765 DEBUG 776 --- [    Test worker] org.hibernate.type.BasicTypeRegistry     : Adding type registration true_false -> org.hibernate.type.TrueFalseType@6dae70f9
2025-03-19 14:22:26.766 DEBUG 776 --- [    Test worker] org.hibernate.type.BasicTypeRegistry     : Adding type registration yes_no -> org.hibernate.type.YesNoType@62cf6a84
2025-03-19 14:22:26.767 DEBUG 776 --- [    Test worker] org.hibernate.type.BasicTypeRegistry     : Adding type registration byte -> org.hibernate.type.ByteType@3404e5c4
2025-03-19 14:22:26.768 DEBUG 776 --- [    Test worker] org.hibernate.type.BasicTypeRegistry     : Adding type registration byte -> org.hibernate.type.ByteType@3404e5c4
2025-03-19 14:22:26.768 DEBUG 776 --- [    Test worker] org.hibernate.type.BasicTypeRegistry     : Adding type registration java.lang.Byte -> org.hibernate.type.ByteType@3404e5c4
2025-03-19 14:22:26.769 DEBUG 776 --- [    Test worker] org.hibernate.type.BasicTypeRegistry     : Adding type registration character -> org.hibernate.type.CharacterType@73bb573d
2025-03-19 14:22:26.769 DEBUG 776 --- [    Test worker] org.hibernate.type.BasicTypeRegistry     : Adding type registration char -> org.hibernate.type.CharacterType@73bb573d
2025-03-19 14:22:26.769 DEBUG 776 --- [    Test worker] org.hibernate.type.BasicTypeRegistry     : Adding type registration java.lang.Character -> org.hibernate.type.CharacterType@73bb573d
2025-03-19 14:22:26.770 DEBUG 776 --- [    Test worker] org.hibernate.type.BasicTypeRegistry     : Adding type registration short -> org.hibernate.type.ShortType@cf01c2e
2025-03-19 14:22:26.770 DEBUG 776 --- [    Test worker] org.hibernate.type.BasicTypeRegistry     : Adding type registration short -> org.hibernate.type.ShortType@cf01c2e
2025-03-19 14:22:26.770 DEBUG 776 --- [    Test worker] org.hibernate.type.BasicTypeRegistry     : Adding type registration java.lang.Short -> org.hibernate.type.ShortType@cf01c2e
2025-03-19 14:22:26.771 DEBUG 776 --- [    Test worker] org.hibernate.type.BasicTypeRegistry     : Adding type registration integer -> org.hibernate.type.IntegerType@7c71c889
2025-03-19 14:22:26.771 DEBUG 776 --- [    Test worker] org.hibernate.type.BasicTypeRegistry     : Adding type registration int -> org.hibernate.type.IntegerType@7c71c889
2025-03-19 14:22:26.771 DEBUG 776 --- [    Test worker] org.hibernate.type.BasicTypeRegistry     : Adding type registration java.lang.Integer -> org.hibernate.type.IntegerType@7c71c889
2025-03-19 14:22:26.772 DEBUG 776 --- [    Test worker] org.hibernate.type.BasicTypeRegistry     : Adding type registration long -> org.hibernate.type.LongType@70fede7d
2025-03-19 14:22:26.772 DEBUG 776 --- [    Test worker] org.hibernate.type.BasicTypeRegistry     : Adding type registration long -> org.hibernate.type.LongType@70fede7d
2025-03-19 14:22:26.772 DEBUG 776 --- [    Test worker] org.hibernate.type.BasicTypeRegistry     : Adding type registration java.lang.Long -> org.hibernate.type.LongType@70fede7d
2025-03-19 14:22:26.773 DEBUG 776 --- [    Test worker] org.hibernate.type.BasicTypeRegistry     : Adding type registration float -> org.hibernate.type.FloatType@7d7ceca8
2025-03-19 14:22:26.773 DEBUG 776 --- [    Test worker] org.hibernate.type.BasicTypeRegistry     : Adding type registration float -> org.hibernate.type.FloatType@7d7ceca8
2025-03-19 14:22:26.773 DEBUG 776 --- [    Test worker] org.hibernate.type.BasicTypeRegistry     : Adding type registration java.lang.Float -> org.hibernate.type.FloatType@7d7ceca8
2025-03-19 14:22:26.774 DEBUG 776 --- [    Test worker] org.hibernate.type.BasicTypeRegistry     : Adding type registration double -> org.hibernate.type.DoubleType@684ce74c
2025-03-19 14:22:26.774 DEBUG 776 --- [    Test worker] org.hibernate.type.BasicTypeRegistry     : Adding type registration double -> org.hibernate.type.DoubleType@684ce74c
2025-03-19 14:22:26.774 DEBUG 776 --- [    Test worker] org.hibernate.type.BasicTypeRegistry     : Adding type registration java.lang.Double -> org.hibernate.type.DoubleType@684ce74c
2025-03-19 14:22:26.775 DEBUG 776 --- [    Test worker] org.hibernate.type.BasicTypeRegistry     : Adding type registration big_decimal -> org.hibernate.type.BigDecimalType@96abc76
2025-03-19 14:22:26.775 DEBUG 776 --- [    Test worker] org.hibernate.type.BasicTypeRegistry     : Adding type registration java.math.BigDecimal -> org.hibernate.type.BigDecimalType@96abc76
2025-03-19 14:22:26.776 DEBUG 776 --- [    Test worker] org.hibernate.type.BasicTypeRegistry     : Adding type registration big_integer -> org.hibernate.type.BigIntegerType@3360283
2025-03-19 14:22:26.776 DEBUG 776 --- [    Test worker] org.hibernate.type.BasicTypeRegistry     : Adding type registration java.math.BigInteger -> org.hibernate.type.BigIntegerType@3360283
2025-03-19 14:22:26.778 DEBUG 776 --- [    Test worker] org.hibernate.type.BasicTypeRegistry     : Adding type registration string -> org.hibernate.type.StringType@1304e0d7
2025-03-19 14:22:26.779 DEBUG 776 --- [    Test worker] org.hibernate.type.BasicTypeRegistry     : Adding type registration java.lang.String -> org.hibernate.type.StringType@1304e0d7
2025-03-19 14:22:26.779 DEBUG 776 --- [    Test worker] org.hibernate.type.BasicTypeRegistry     : Adding type registration nstring -> org.hibernate.type.StringNVarcharType@433ef204
2025-03-19 14:22:26.779 DEBUG 776 --- [    Test worker] org.hibernate.type.BasicTypeRegistry     : Adding type registration ncharacter -> org.hibernate.type.CharacterNCharType@1068176
2025-03-19 14:22:26.780 DEBUG 776 --- [    Test worker] org.hibernate.type.BasicTypeRegistry     : Adding type registration url -> org.hibernate.type.UrlType@9d3d54e
2025-03-19 14:22:26.780 DEBUG 776 --- [    Test worker] org.hibernate.type.BasicTypeRegistry     : Adding type registration java.net.URL -> org.hibernate.type.UrlType@9d3d54e
2025-03-19 14:22:26.781 DEBUG 776 --- [    Test worker] org.hibernate.type.BasicTypeRegistry     : Adding type registration Duration -> org.hibernate.type.DurationType@6206b4a7
2025-03-19 14:22:26.781 DEBUG 776 --- [    Test worker] org.hibernate.type.BasicTypeRegistry     : Adding type registration java.time.Duration -> org.hibernate.type.DurationType@6206b4a7
2025-03-19 14:22:26.781 DEBUG 776 --- [    Test worker] org.hibernate.type.BasicTypeRegistry     : Adding type registration Instant -> org.hibernate.type.InstantType@66756662
2025-03-19 14:22:26.781 DEBUG 776 --- [    Test worker] org.hibernate.type.BasicTypeRegistry     : Adding type registration java.time.Instant -> org.hibernate.type.InstantType@66756662
2025-03-19 14:22:26.782 DEBUG 776 --- [    Test worker] org.hibernate.type.BasicTypeRegistry     : Adding type registration LocalDateTime -> org.hibernate.type.LocalDateTimeType@40d96578
2025-03-19 14:22:26.782 DEBUG 776 --- [    Test worker] org.hibernate.type.BasicTypeRegistry     : Adding type registration java.time.LocalDateTime -> org.hibernate.type.LocalDateTimeType@40d96578
2025-03-19 14:22:26.783 DEBUG 776 --- [    Test worker] org.hibernate.type.BasicTypeRegistry     : Adding type registration LocalDate -> org.hibernate.type.LocalDateType@13516600
2025-03-19 14:22:26.783 DEBUG 776 --- [    Test worker] org.hibernate.type.BasicTypeRegistry     : Adding type registration java.time.LocalDate -> org.hibernate.type.LocalDateType@13516600
2025-03-19 14:22:26.783 DEBUG 776 --- [    Test worker] org.hibernate.type.BasicTypeRegistry     : Adding type registration LocalTime -> org.hibernate.type.LocalTimeType@782fd504
2025-03-19 14:22:26.783 DEBUG 776 --- [    Test worker] org.hibernate.type.BasicTypeRegistry     : Adding type registration java.time.LocalTime -> org.hibernate.type.LocalTimeType@782fd504
2025-03-19 14:22:26.784 DEBUG 776 --- [    Test worker] org.hibernate.type.BasicTypeRegistry     : Adding type registration OffsetDateTime -> org.hibernate.type.OffsetDateTimeType@1282e98
2025-03-19 14:22:26.784 DEBUG 776 --- [    Test worker] org.hibernate.type.BasicTypeRegistry     : Adding type registration java.time.OffsetDateTime -> org.hibernate.type.OffsetDateTimeType@1282e98
2025-03-19 14:22:26.785 DEBUG 776 --- [    Test worker] org.hibernate.type.BasicTypeRegistry     : Adding type registration OffsetTime -> org.hibernate.type.OffsetTimeType@26275b46
2025-03-19 14:22:26.785 DEBUG 776 --- [    Test worker] org.hibernate.type.BasicTypeRegistry     : Adding type registration java.time.OffsetTime -> org.hibernate.type.OffsetTimeType@26275b46
2025-03-19 14:22:26.787 DEBUG 776 --- [    Test worker] org.hibernate.type.BasicTypeRegistry     : Adding type registration ZonedDateTime -> org.hibernate.type.ZonedDateTimeType@3dfd7eaa
2025-03-19 14:22:26.787 DEBUG 776 --- [    Test worker] org.hibernate.type.BasicTypeRegistry     : Adding type registration java.time.ZonedDateTime -> org.hibernate.type.ZonedDateTimeType@3dfd7eaa
2025-03-19 14:22:26.788 DEBUG 776 --- [    Test worker] org.hibernate.type.BasicTypeRegistry     : Adding type registration date -> org.hibernate.type.DateType@6af78a48
2025-03-19 14:22:26.788 DEBUG 776 --- [    Test worker] org.hibernate.type.BasicTypeRegistry     : Adding type registration java.sql.Date -> org.hibernate.type.DateType@6af78a48
2025-03-19 14:22:26.789 DEBUG 776 --- [    Test worker] org.hibernate.type.BasicTypeRegistry     : Adding type registration time -> org.hibernate.type.TimeType@6aff97d6
2025-03-19 14:22:26.789 DEBUG 776 --- [    Test worker] org.hibernate.type.BasicTypeRegistry     : Adding type registration java.sql.Time -> org.hibernate.type.TimeType@6aff97d6
2025-03-19 14:22:26.791 DEBUG 776 --- [    Test worker] org.hibernate.type.BasicTypeRegistry     : Adding type registration timestamp -> org.hibernate.type.TimestampType@230232b0
2025-03-19 14:22:26.791 DEBUG 776 --- [    Test worker] org.hibernate.type.BasicTypeRegistry     : Adding type registration java.sql.Timestamp -> org.hibernate.type.TimestampType@230232b0
2025-03-19 14:22:26.792 DEBUG 776 --- [    Test worker] org.hibernate.type.BasicTypeRegistry     : Adding type registration java.util.Date -> org.hibernate.type.TimestampType@230232b0
2025-03-19 14:22:26.793 DEBUG 776 --- [    Test worker] org.hibernate.type.BasicTypeRegistry     : Adding type registration dbtimestamp -> org.hibernate.type.DbTimestampType@5b742bc8
2025-03-19 14:22:26.793 DEBUG 776 --- [    Test worker] org.hibernate.type.BasicTypeRegistry     : Adding type registration calendar -> org.hibernate.type.CalendarType@1e92c3b6
2025-03-19 14:22:26.793 DEBUG 776 --- [    Test worker] org.hibernate.type.BasicTypeRegistry     : Adding type registration java.util.Calendar -> org.hibernate.type.CalendarType@1e92c3b6
2025-03-19 14:22:26.793 DEBUG 776 --- [    Test worker] org.hibernate.type.BasicTypeRegistry     : Adding type registration java.util.GregorianCalendar -> org.hibernate.type.CalendarType@1e92c3b6
2025-03-19 14:22:26.794 DEBUG 776 --- [    Test worker] org.hibernate.type.BasicTypeRegistry     : Adding type registration calendar_date -> org.hibernate.type.CalendarDateType@6bce4140
2025-03-19 14:22:26.795 DEBUG 776 --- [    Test worker] org.hibernate.type.BasicTypeRegistry     : Adding type registration calendar_time -> org.hibernate.type.CalendarTimeType@18cf5c52
2025-03-19 14:22:26.795 DEBUG 776 --- [    Test worker] org.hibernate.type.BasicTypeRegistry     : Adding type registration locale -> org.hibernate.type.LocaleType@6f96dd64
2025-03-19 14:22:26.795 DEBUG 776 --- [    Test worker] org.hibernate.type.BasicTypeRegistry     : Adding type registration java.util.Locale -> org.hibernate.type.LocaleType@6f96dd64
2025-03-19 14:22:26.796 DEBUG 776 --- [    Test worker] org.hibernate.type.BasicTypeRegistry     : Adding type registration currency -> org.hibernate.type.CurrencyType@63917fe1
2025-03-19 14:22:26.796 DEBUG 776 --- [    Test worker] org.hibernate.type.BasicTypeRegistry     : Adding type registration java.util.Currency -> org.hibernate.type.CurrencyType@63917fe1
2025-03-19 14:22:26.796 DEBUG 776 --- [    Test worker] org.hibernate.type.BasicTypeRegistry     : Adding type registration timezone -> org.hibernate.type.TimeZoneType@2b7facc7
2025-03-19 14:22:26.796 DEBUG 776 --- [    Test worker] org.hibernate.type.BasicTypeRegistry     : Adding type registration java.util.TimeZone -> org.hibernate.type.TimeZoneType@2b7facc7
2025-03-19 14:22:26.797 DEBUG 776 --- [    Test worker] org.hibernate.type.BasicTypeRegistry     : Adding type registration class -> org.hibernate.type.ClassType@49b89425
2025-03-19 14:22:26.797 DEBUG 776 --- [    Test worker] org.hibernate.type.BasicTypeRegistry     : Adding type registration java.lang.Class -> org.hibernate.type.ClassType@49b89425
2025-03-19 14:22:26.797 DEBUG 776 --- [    Test worker] org.hibernate.type.BasicTypeRegistry     : Adding type registration uuid-binary -> org.hibernate.type.UUIDBinaryType@760f1081
2025-03-19 14:22:26.797 DEBUG 776 --- [    Test worker] org.hibernate.type.BasicTypeRegistry     : Adding type registration java.util.UUID -> org.hibernate.type.UUIDBinaryType@760f1081
2025-03-19 14:22:26.798 DEBUG 776 --- [    Test worker] org.hibernate.type.BasicTypeRegistry     : Adding type registration uuid-char -> org.hibernate.type.UUIDCharType@18c880ea
2025-03-19 14:22:26.798 DEBUG 776 --- [    Test worker] org.hibernate.type.BasicTypeRegistry     : Adding type registration binary -> org.hibernate.type.BinaryType@61a87366
2025-03-19 14:22:26.798 DEBUG 776 --- [    Test worker] org.hibernate.type.BasicTypeRegistry     : Adding type registration byte[] -> org.hibernate.type.BinaryType@61a87366
2025-03-19 14:22:26.799 DEBUG 776 --- [    Test worker] org.hibernate.type.BasicTypeRegistry     : Adding type registration [B -> org.hibernate.type.BinaryType@61a87366
2025-03-19 14:22:26.799 DEBUG 776 --- [    Test worker] org.hibernate.type.BasicTypeRegistry     : Adding type registration wrapper-binary -> org.hibernate.type.WrapperBinaryType@1d99ee1b
2025-03-19 14:22:26.799 DEBUG 776 --- [    Test worker] org.hibernate.type.BasicTypeRegistry     : Adding type registration Byte[] -> org.hibernate.type.WrapperBinaryType@1d99ee1b
2025-03-19 14:22:26.799 DEBUG 776 --- [    Test worker] org.hibernate.type.BasicTypeRegistry     : Adding type registration [Ljava.lang.Byte; -> org.hibernate.type.WrapperBinaryType@1d99ee1b
2025-03-19 14:22:26.800 DEBUG 776 --- [    Test worker] org.hibernate.type.BasicTypeRegistry     : Adding type registration row_version -> org.hibernate.type.RowVersionType@17fbfb02
2025-03-19 14:22:26.800 DEBUG 776 --- [    Test worker] org.hibernate.type.BasicTypeRegistry     : Adding type registration image -> org.hibernate.type.ImageType@24e5389c
2025-03-19 14:22:26.801 DEBUG 776 --- [    Test worker] org.hibernate.type.BasicTypeRegistry     : Adding type registration characters -> org.hibernate.type.CharArrayType@54326e9
2025-03-19 14:22:26.801 DEBUG 776 --- [    Test worker] org.hibernate.type.BasicTypeRegistry     : Adding type registration char[] -> org.hibernate.type.CharArrayType@54326e9
2025-03-19 14:22:26.801 DEBUG 776 --- [    Test worker] org.hibernate.type.BasicTypeRegistry     : Adding type registration [C -> org.hibernate.type.CharArrayType@54326e9
2025-03-19 14:22:26.802 DEBUG 776 --- [    Test worker] org.hibernate.type.BasicTypeRegistry     : Adding type registration wrapper-characters -> org.hibernate.type.CharacterArrayType@78b0ec3a
2025-03-19 14:22:26.802 DEBUG 776 --- [    Test worker] org.hibernate.type.BasicTypeRegistry     : Adding type registration [Ljava.lang.Character; -> org.hibernate.type.CharacterArrayType@78b0ec3a
2025-03-19 14:22:26.802 DEBUG 776 --- [    Test worker] org.hibernate.type.BasicTypeRegistry     : Adding type registration Character[] -> org.hibernate.type.CharacterArrayType@78b0ec3a
2025-03-19 14:22:26.802 DEBUG 776 --- [    Test worker] org.hibernate.type.BasicTypeRegistry     : Adding type registration text -> org.hibernate.type.TextType@5a47730c
2025-03-19 14:22:26.803 DEBUG 776 --- [    Test worker] org.hibernate.type.BasicTypeRegistry     : Adding type registration ntext -> org.hibernate.type.NTextType@9263c54
2025-03-19 14:22:26.804 DEBUG 776 --- [    Test worker] org.hibernate.type.BasicTypeRegistry     : Adding type registration blob -> org.hibernate.type.BlobType@33bdd01
2025-03-19 14:22:26.804 DEBUG 776 --- [    Test worker] org.hibernate.type.BasicTypeRegistry     : Adding type registration java.sql.Blob -> org.hibernate.type.BlobType@33bdd01
2025-03-19 14:22:26.805 DEBUG 776 --- [    Test worker] org.hibernate.type.BasicTypeRegistry     : Adding type registration materialized_blob -> org.hibernate.type.MaterializedBlobType@27ffd9f8
2025-03-19 14:22:26.806 DEBUG 776 --- [    Test worker] org.hibernate.type.BasicTypeRegistry     : Adding type registration clob -> org.hibernate.type.ClobType@6c5ca0b6
2025-03-19 14:22:26.806 DEBUG 776 --- [    Test worker] org.hibernate.type.BasicTypeRegistry     : Adding type registration java.sql.Clob -> org.hibernate.type.ClobType@6c5ca0b6
2025-03-19 14:22:26.807 DEBUG 776 --- [    Test worker] org.hibernate.type.BasicTypeRegistry     : Adding type registration nclob -> org.hibernate.type.NClobType@33d230ce
2025-03-19 14:22:26.807 DEBUG 776 --- [    Test worker] org.hibernate.type.BasicTypeRegistry     : Adding type registration java.sql.NClob -> org.hibernate.type.NClobType@33d230ce
2025-03-19 14:22:26.808 DEBUG 776 --- [    Test worker] org.hibernate.type.BasicTypeRegistry     : Adding type registration materialized_clob -> org.hibernate.type.MaterializedClobType@410fc508
2025-03-19 14:22:26.808 DEBUG 776 --- [    Test worker] org.hibernate.type.BasicTypeRegistry     : Adding type registration materialized_nclob -> org.hibernate.type.MaterializedNClobType@5d7f8467
2025-03-19 14:22:26.809 DEBUG 776 --- [    Test worker] org.hibernate.type.BasicTypeRegistry     : Adding type registration serializable -> org.hibernate.type.SerializableType@5a4464c5
2025-03-19 14:22:26.811 DEBUG 776 --- [    Test worker] org.hibernate.type.BasicTypeRegistry     : Adding type registration object -> org.hibernate.type.ObjectType@661e1399
2025-03-19 14:22:26.811 DEBUG 776 --- [    Test worker] org.hibernate.type.BasicTypeRegistry     : Adding type registration java.lang.Object -> org.hibernate.type.ObjectType@661e1399
2025-03-19 14:22:26.811 DEBUG 776 --- [    Test worker] org.hibernate.type.BasicTypeRegistry     : Adding type registration imm_date -> org.hibernate.type.AdaptedImmutableType@3cc3f13e
2025-03-19 14:22:26.811 DEBUG 776 --- [    Test worker] org.hibernate.type.BasicTypeRegistry     : Adding type registration imm_time -> org.hibernate.type.AdaptedImmutableType@69b3886f
2025-03-19 14:22:26.811 DEBUG 776 --- [    Test worker] org.hibernate.type.BasicTypeRegistry     : Adding type registration imm_timestamp -> org.hibernate.type.AdaptedImmutableType@53d30d23
2025-03-19 14:22:26.811 DEBUG 776 --- [    Test worker] org.hibernate.type.BasicTypeRegistry     : Adding type registration imm_dbtimestamp -> org.hibernate.type.AdaptedImmutableType@44faa4f2
2025-03-19 14:22:26.811 DEBUG 776 --- [    Test worker] org.hibernate.type.BasicTypeRegistry     : Adding type registration imm_calendar -> org.hibernate.type.AdaptedImmutableType@6793f752
2025-03-19 14:22:26.812 DEBUG 776 --- [    Test worker] org.hibernate.type.BasicTypeRegistry     : Adding type registration imm_calendar_date -> org.hibernate.type.AdaptedImmutableType@1216eb3f
2025-03-19 14:22:26.812 DEBUG 776 --- [    Test worker] org.hibernate.type.BasicTypeRegistry     : Adding type registration imm_binary -> org.hibernate.type.AdaptedImmutableType@59e7564b
2025-03-19 14:22:26.812 DEBUG 776 --- [    Test worker] org.hibernate.type.BasicTypeRegistry     : Adding type registration imm_serializable -> org.hibernate.type.AdaptedImmutableType@482ba4b1
2025-03-19 14:22:26.838  INFO 776 --- [    Test worker] com.zaxxer.hikari.HikariDataSource       : HikariPool-1 - Starting...
2025-03-19 14:22:27.084  INFO 776 --- [    Test worker] com.zaxxer.hikari.HikariDataSource       : HikariPool-1 - Start completed.
2025-03-19 14:22:27.104  INFO 776 --- [    Test worker] org.hibernate.dialect.Dialect            : HHH000400: Using dialect: org.hibernate.dialect.MySQL8Dialect
2025-03-19 14:22:27.130 DEBUG 776 --- [    Test worker] o.h.type.spi.TypeConfiguration$Scope     : Scoping TypeConfiguration [org.hibernate.type.spi.TypeConfiguration@d1f23a0] to MetadataBuildingContext [org.hibernate.boot.internal.MetadataBuildingContextRootImpl@2976ca51]
2025-03-19 14:22:27.295 DEBUG 776 --- [    Test worker] o.h.type.spi.TypeConfiguration$Scope     : Scoping TypeConfiguration [org.hibernate.type.spi.TypeConfiguration@d1f23a0] to SessionFactoryImpl [org.hibernate.internal.SessionFactoryImpl@5bf7f15f]
2025-03-19 14:22:27.509 DEBUG 776 --- [    Test worker] org.hibernate.SQL                        : 
    
    drop table if exists member
Hibernate: 
    
    drop table if exists member
2025-03-19 14:22:27.527 DEBUG 776 --- [    Test worker] org.hibernate.SQL                        : 
    
    create table member (
       id bigint not null auto_increment,
        email varchar(255) not null,
        name varchar(255) not null,
        primary key (id)
    ) engine=InnoDB
Hibernate: 
    
    create table member (
       id bigint not null auto_increment,
        email varchar(255) not null,
        name varchar(255) not null,
        primary key (id)
    ) engine=InnoDB
2025-03-19 14:22:27.580  INFO 776 --- [    Test worker] o.h.e.t.j.p.i.JtaPlatformInitiator       : HHH000490: Using JtaPlatform implementation: [org.hibernate.engine.transaction.jta.platform.internal.NoJtaPlatform]
2025-03-19 14:22:27.586 TRACE 776 --- [    Test worker] o.h.type.spi.TypeConfiguration$Scope     : Handling #sessionFactoryCreated from [org.hibernate.internal.SessionFactoryImpl@5bf7f15f] for TypeConfiguration
2025-03-19 14:22:27.587  INFO 776 --- [    Test worker] j.LocalContainerEntityManagerFactoryBean : Initialized JPA EntityManagerFactory for persistence unit 'default'
2025-03-19 14:22:27.714  WARN 776 --- [    Test worker] JpaBaseConfiguration$JpaWebConfiguration : spring.jpa.open-in-view is enabled by default. Therefore, database queries may be performed during view rendering. Explicitly configure spring.jpa.open-in-view to disable this warning
2025-03-19 14:22:28.447  INFO 776 --- [    Test worker] c.e.d.repository.MemberRepositoryTest    : Started MemberRepositoryTest in 2.924 seconds (JVM running for 3.783)
2025-03-19 14:22:28.475  INFO 776 --- [    Test worker] o.s.t.c.transaction.TransactionContext   : Began transaction (1) for test context [DefaultTestContext@2fb68ec6 testClass = MemberRepositoryTest, testInstance = com.example.demo.repository.MemberRepositoryTest@620f7a39, testMethod = createMemberTest@MemberRepositoryTest, testException = [null], mergedContextConfiguration = [WebMergedContextConfiguration@d71adc2 testClass = MemberRepositoryTest, locations = '{}', classes = '{class com.example.demo.DemoApplication}', contextInitializerClasses = '[]', activeProfiles = '{}', propertySourceLocations = '{}', propertySourceProperties = '{org.springframework.boot.test.context.SpringBootTestContextBootstrapper=true}', contextCustomizers = set[org.springframework.boot.test.autoconfigure.actuate.metrics.MetricsExportContextCustomizerFactory$DisableMetricExportContextCustomizer@36546a22, org.springframework.boot.test.autoconfigure.properties.PropertyMappingContextCustomizer@0, org.springframework.boot.test.autoconfigure.web.servlet.WebDriverContextCustomizerFactory$Customizer@652a7737, org.springframework.boot.test.context.filter.ExcludeFilterContextCustomizer@1e1d3956, org.springframework.boot.test.json.DuplicateJsonObjectContextCustomizerFactory$DuplicateJsonObjectContextCustomizer@f0e995e, org.springframework.boot.test.mock.mockito.MockitoContextCustomizer@0, org.springframework.boot.test.web.client.TestRestTemplateContextCustomizer@3829ac1, org.springframework.boot.test.context.SpringBootTestArgs@1, org.springframework.boot.test.context.SpringBootTestWebEnvironment@12299890], resourceBasePath = 'src/main/webapp', contextLoader = 'org.springframework.boot.test.context.SpringBootContextLoader', parent = [null]], attributes = map['org.springframework.test.context.web.ServletTestExecutionListener.activateListener' -> true, 'org.springframework.test.context.web.ServletTestExecutionListener.populatedRequestContextHolder' -> true, 'org.springframework.test.context.web.ServletTestExecutionListener.resetRequestContextHolder' -> true, 'org.springframework.test.context.event.ApplicationEventsTestExecutionListener.recordApplicationEvents' -> false]]; transaction manager [org.springframework.orm.jpa.JpaTransactionManager@31f9f9b3]; rollback [true]
2025-03-19 14:22:28.570 DEBUG 776 --- [    Test worker] org.hibernate.SQL                        : 
    insert 
    into
        member
        (email, name) 
    values
        (?, ?)
Hibernate: 
    insert 
    into
        member
        (email, name) 
    values
        (?, ?)
2025-03-19 14:22:28.585 TRACE 776 --- [    Test worker] o.h.type.descriptor.sql.BasicBinder      : binding parameter [1] as [VARCHAR] - [hong@test.com]
2025-03-19 14:22:28.585 TRACE 776 --- [    Test worker] o.h.type.descriptor.sql.BasicBinder      : binding parameter [2] as [VARCHAR] - [홍길동]
2025-03-19 14:22:28.653  INFO 776 --- [    Test worker] o.s.t.c.transaction.TransactionContext   : Rolled back transaction for test: [DefaultTestContext@2fb68ec6 testClass = MemberRepositoryTest, testInstance = com.example.demo.repository.MemberRepositoryTest@620f7a39, testMethod = createMemberTest@MemberRepositoryTest, testException = [null], mergedContextConfiguration = [WebMergedContextConfiguration@d71adc2 testClass = MemberRepositoryTest, locations = '{}', classes = '{class com.example.demo.DemoApplication}', contextInitializerClasses = '[]', activeProfiles = '{}', propertySourceLocations = '{}', propertySourceProperties = '{org.springframework.boot.test.context.SpringBootTestContextBootstrapper=true}', contextCustomizers = set[org.springframework.boot.test.autoconfigure.actuate.metrics.MetricsExportContextCustomizerFactory$DisableMetricExportContextCustomizer@36546a22, org.springframework.boot.test.autoconfigure.properties.PropertyMappingContextCustomizer@0, org.springframework.boot.test.autoconfigure.web.servlet.WebDriverContextCustomizerFactory$Customizer@652a7737, org.springframework.boot.test.context.filter.ExcludeFilterContextCustomizer@1e1d3956, org.springframework.boot.test.json.DuplicateJsonObjectContextCustomizerFactory$DuplicateJsonObjectContextCustomizer@f0e995e, org.springframework.boot.test.mock.mockito.MockitoContextCustomizer@0, org.springframework.boot.test.web.client.TestRestTemplateContextCustomizer@3829ac1, org.springframework.boot.test.context.SpringBootTestArgs@1, org.springframework.boot.test.context.SpringBootTestWebEnvironment@12299890], resourceBasePath = 'src/main/webapp', contextLoader = 'org.springframework.boot.test.context.SpringBootContextLoader', parent = [null]], attributes = map['org.springframework.test.context.web.ServletTestExecutionListener.activateListener' -> true, 'org.springframework.test.context.web.ServletTestExecutionListener.populatedRequestContextHolder' -> true, 'org.springframework.test.context.web.ServletTestExecutionListener.resetRequestContextHolder' -> true, 'org.springframework.test.context.event.ApplicationEventsTestExecutionListener.recordApplicationEvents' -> false]]
]]></system-out>
  <system-err><![CDATA[]]></system-err>
</testsuite>
